<?xml version="1.0" encoding="UTF-8"?>
<testng-results ignored="0" total="2" passed="2" failed="0" skipped="0">
  <reporter-output>
  </reporter-output>
  <suite started-at="2023-02-06T11:32:40 IST" name="Command line suite" finished-at="2023-02-06T11:33:09 IST" duration-ms="29330">
    <groups>
    </groups>
    <test started-at="2023-02-06T11:32:40 IST" name="Command line test" finished-at="2023-02-06T11:33:09 IST" duration-ms="29330">
      <class name="tests.HomePageTest">
        <test-method is-config="true" signature="setUp()[pri:0, instance:tests.HomePageTest@612fc6eb]" started-at="2023-02-06T11:32:58 IST" name="setUp" finished-at="2023-02-06T11:33:08 IST" duration-ms="9969" status="PASS">
          <reporter-output>
          </reporter-output>
        </test-method> <!-- setUp -->
        <test-method signature="validateContactFooter()[pri:0, instance:tests.HomePageTest@612fc6eb]" started-at="2023-02-06T11:33:08 IST" name="validateContactFooter" finished-at="2023-02-06T11:33:08 IST" duration-ms="75" status="PASS">
          <reporter-output>
          </reporter-output>
        </test-method> <!-- validateContactFooter -->
        <test-method signature="validateHomePageHeader()[pri:0, instance:tests.HomePageTest@612fc6eb]" started-at="2023-02-06T11:33:08 IST" name="validateHomePageHeader" finished-at="2023-02-06T11:33:08 IST" duration-ms="89" status="PASS">
          <reporter-output>
          </reporter-output>
        </test-method> <!-- validateHomePageHeader -->
        <test-method is-config="true" signature="tearDown()[pri:0, instance:tests.HomePageTest@612fc6eb]" started-at="2023-02-06T11:33:09 IST" name="tearDown" finished-at="2023-02-06T11:33:09 IST" duration-ms="163" status="PASS">
          <reporter-output>
          </reporter-output>
        </test-method> <!-- tearDown -->
      </class> <!-- tests.HomePageTest -->
      <class name="tests.BaseTest">
        <test-method is-config="true" signature="setUp()[pri:0, instance:tests.BaseTest@eafc191]" started-at="2023-02-06T11:32:40 IST" name="setUp" finished-at="2023-02-06T11:32:58 IST" duration-ms="18302" status="PASS">
          <reporter-output>
          </reporter-output>
        </test-method> <!-- setUp -->
        <test-method is-config="true" signature="tearDown()[pri:0, instance:tests.BaseTest@eafc191]" started-at="2023-02-06T11:33:08 IST" name="tearDown" finished-at="2023-02-06T11:33:09 IST" duration-ms="692" status="PASS">
          <reporter-output>
          </reporter-output>
        </test-method> <!-- tearDown -->
      </class> <!-- tests.BaseTest -->
    </test> <!-- Command line test -->
  </suite> <!-- Command line suite -->
</testng-results>
